#
# A fatal error has been detected by the Java Runtime Environment:
#
#  Internal Error (javaClasses.cpp:136), pid=8304, tid=1840
#  fatal error: Invalid layout of preloaded class
#
# JRE version:  (7.0_45-b18) (build )
# Java VM: Java HotSpot(TM) 64-Bit Server VM (24.45-b08 mixed mode windows-amd64 compressed oops)
# Failed to write core dump. Minidumps are not enabled by default on client versions of Windows
#
# If you would like to submit a bug report, please visit:
#   http://bugreport.sun.com/bugreport/crash.jsp
#

---------------  T H R E A D  ---------------

Current thread (0x0000000002e30800):  JavaThread "Unknown thread" [_thread_in_vm, id=1840, stack(0x00000000012a0000,0x00000000013a0000)]

Stack: [0x00000000012a0000,0x00000000013a0000]

---------------  P R O C E S S  ---------------

Java Threads: ( => current thread )

Other Threads:

=>0x0000000002e30800 (exited) JavaThread "Unknown thread" [_thread_in_vm, id=1840, stack(0x00000000012a0000,0x00000000013a0000)]

VM state:not at safepoint (not fully initialized)

VM Mutex/Monitor currently owned by a thread: None

GC Heap History (0 events):
No events

Deoptimization events (0 events):
No events

Internal exceptions (0 events):
No events

Events (10 events):
Event: 0.011 loading class 0x0000000002e74b90 done
Event: 0.012 loading class 0x0000000002e745b0 done
Event: 0.012 loading class 0x0000000002e74590
Event: 0.012 loading class 0x0000000002e7c690
Event: 0.012 loading class 0x0000000002e7c690 done
Event: 0.012 loading class 0x0000000002e7c6c0
Event: 0.012 loading class 0x0000000002e7c6c0 done
Event: 0.012 loading class 0x0000000002e7c6f0
Event: 0.012 loading class 0x0000000002e7c6f0 done
Event: 0.012 loading class 0x0000000002e74590 done


Dynamic libraries:
0x00007ff6369a0000 - 0x00007ff6369d3000 	C:\Program Files\Java\jre7\bin\javaw.exe
0x00007ffba9970000 - 0x00007ffba9b19000 	C:\WINDOWS\SYSTEM32\ntdll.dll
0x00007ffba9830000 - 0x00007ffba9969000 	C:\WINDOWS\system32\KERNEL32.DLL
0x00007ffba6e60000 - 0x00007ffba6f6f000 	C:\WINDOWS\system32\KERNELBASE.dll
0x00007ffba5920000 - 0x00007ffba59ab000 	C:\WINDOWS\system32\apphelp.dll
0x00007ffb933e0000 - 0x00007ffb9342f000 	C:\WINDOWS\AppPatch\AppPatch64\AcGenral.DLL
0x00007ffba8680000 - 0x00007ffba8727000 	C:\WINDOWS\system32\msvcrt.dll
0x00007ffba6b30000 - 0x00007ffba6b5b000 	C:\WINDOWS\SYSTEM32\SspiCli.dll
0x00007ffba87b0000 - 0x00007ffba8801000 	C:\WINDOWS\system32\SHLWAPI.dll
0x00007ffba8870000 - 0x00007ffba89e1000 	C:\WINDOWS\system32\USER32.dll
0x00007ffba9100000 - 0x00007ffba9276000 	C:\WINDOWS\system32\ole32.dll
0x00007ffba7200000 - 0x00007ffba860f000 	C:\WINDOWS\system32\SHELL32.dll
0x00007ffba6360000 - 0x00007ffba637f000 	C:\WINDOWS\SYSTEM32\USERENV.dll
0x00007ffba89f0000 - 0x00007ffba8a95000 	C:\WINDOWS\system32\ADVAPI32.dll
0x00007ffb9c9b0000 - 0x00007ffb9c9cb000 	C:\WINDOWS\SYSTEM32\MPR.dll
0x00007ffba9460000 - 0x00007ffba9596000 	C:\WINDOWS\system32\RPCRT4.dll
0x00007ffba8810000 - 0x00007ffba8867000 	C:\WINDOWS\SYSTEM32\sechost.dll
0x00007ffba9650000 - 0x00007ffba9827000 	C:\WINDOWS\SYSTEM32\combase.dll
0x00007ffba8d50000 - 0x00007ffba8e95000 	C:\WINDOWS\system32\GDI32.dll
0x00007ffba6cf0000 - 0x00007ffba6d04000 	C:\WINDOWS\SYSTEM32\profapi.dll
0x00007ffba51a0000 - 0x00007ffba5241000 	C:\WINDOWS\SYSTEM32\SHCORE.dll
0x00007ffba92e0000 - 0x00007ffba9314000 	C:\WINDOWS\system32\IMM32.DLL
0x00007ffba9320000 - 0x00007ffba9458000 	C:\WINDOWS\system32\MSCTF.dll
0x00007ffba3d70000 - 0x00007ffba3fca000 	C:\WINDOWS\WinSxS\amd64_microsoft.windows.common-controls_6595b64144ccf1df_6.0.9600.16384_none_62475f7becb72503\COMCTL32.dll
0x0000000052a20000 - 0x0000000052af2000 	C:\Program Files\Java\jre7\bin\msvcr100.dll
0x0000000052250000 - 0x0000000052a19000 	C:\Program Files\Java\jre7\bin\server\jvm.dll
0x00007ffb92750000 - 0x00007ffb92759000 	C:\WINDOWS\SYSTEM32\WSOCK32.dll
0x00007ffba1ad0000 - 0x00007ffba1aef000 	C:\WINDOWS\SYSTEM32\WINMM.dll
0x00007ffba8aa0000 - 0x00007ffba8aa7000 	C:\WINDOWS\system32\PSAPI.DLL
0x00007ffba8730000 - 0x00007ffba8788000 	C:\WINDOWS\system32\WS2_32.dll
0x00007ffba1aa0000 - 0x00007ffba1aca000 	C:\WINDOWS\SYSTEM32\WINMMBASE.dll
0x00007ffba8ea0000 - 0x00007ffba8ea9000 	C:\WINDOWS\system32\NSI.dll
0x00007ffba6dc0000 - 0x00007ffba6e0a000 	C:\WINDOWS\SYSTEM32\cfgmgr32.dll
0x00007ffba5b70000 - 0x00007ffba5b96000 	C:\WINDOWS\SYSTEM32\DEVOBJ.dll
0x0000000052240000 - 0x000000005224f000 	C:\Program Files\Java\jre7\bin\verify.dll
0x0000000052210000 - 0x0000000052238000 	C:\Program Files\Java\jre7\bin\java.dll
0x00000000521f0000 - 0x0000000052205000 	C:\Program Files\Java\jre7\bin\zip.dll

VM Arguments:
jvm_args: -Dfile.encoding=UTF-8 -Xbootclasspath:E:\adt-bundle-windows-x86_64-20131030\sdk\platforms\android-19\android.jar 
java_command: cn.mointe.vaccination.tools.DateUtils
Launcher Type: SUN_STANDARD

Environment Variables:
JAVA_HOME=C:\Program Files (x86)\Java\jdk1.7.0_45
PATH=c:\Program Files (x86)\Intel\iCLS Client\;c:\Program Files\Intel\iCLS Client\;C:\WINDOWS\system32;C:\WINDOWS;C:\WINDOWS\System32\Wbem;C:\WINDOWS\System32\WindowsPowerShell\v1.0\;C:\Program Files\Intel\Intel(R) Management Engine Components\DAL;C:\Program Files\Intel\Intel(R) Management Engine Components\IPT;C:\Program Files (x86)\Intel\Intel(R) Management Engine Components\DAL;C:\Program Files (x86)\Intel\Intel(R) Management Engine Components\IPT;C:\Program Files (x86)\Windows Live\Shared;E:\Program Files (x86)\Git\cmd;E:\android-tools\apache-maven-3.1.1\bin;C:\Program Files (x86)\Java\jdk1.7.0_45\bin;D:\Program Files\MySQL\MySQL Server 5.1\bin
USERNAME=yi_siwei
OS=Windows_NT
PROCESSOR_IDENTIFIER=Intel64 Family 6 Model 58 Stepping 9, GenuineIntel



---------------  S Y S T E M  ---------------

OS: Windows 8 , 64 bit Build 9200 

CPU:total 4 (2 cores per cpu, 2 threads per core) family 6 model 58 stepping 9, cmov, cx8, fxsr, mmx, sse, sse2, sse3, ssse3, sse4.1, sse4.2, popcnt, avx, erms, ht, tsc, tscinvbit, tscinv

Memory: 4k page, physical 8275268k(4057208k free), swap 16663876k(10463976k free)

vm_info: Java HotSpot(TM) 64-Bit Server VM (24.45-b08) for windows-amd64 JRE (1.7.0_45-b18), built on Oct  8 2013 05:47:22 by "java_re" with unknown MS VC++:1600

time: Sat Mar 15 11:50:54 2014
elapsed time: 0 seconds

